enter main
{'ANCHOR_RATIOS': [0.5, 1, 2],
 'ANCHOR_SCALES': [8, 16, 32, 48],
 'EPS': 1e-14,
 'FIXED_PARAMS': ['conv1', 'conv2', 'gamma', 'beta'],
 'FIXED_PARAMS_FINETUNE': ['conv1', 'conv2', 'gamma', 'beta'],
 'IMAGE_STRIDE': 0,
 'INVALID_ORI': -10000,
 'NUM_ANCHORS': 12,
 'NUM_BIN': 8,
 'NUM_CLASSES': 4,
 'PI': 3.141592653,
 'PIXEL_MEANS': array([[[ 123.68 ,  116.779,  103.939]]]),
 'RCNN_FEAT_SRTIDE': 16,
 'RPN_FEAT_STRIDE': 16,
 'RY_CLASSES': 72,
 'SCALES': [(752, 2500)],
 'TEST': {'BATCH_IMAGES': 1,
          'CXX_PROPOSAL': False,
          'HAS_RPN': False,
          'NMS': 0.3,
          'RPN_MIN_SIZE': 16,
          'RPN_NMS_THRESH': 0.7,
          'RPN_POST_NMS_TOP_N': 300,
          'RPN_PRE_NMS_TOP_N': 6000},
 'TRAIN': {'BATCH_IMAGES': 1,
           'BATCH_ROIS': 128,
           'BATCH_SIZE': 1,
           'BBOX_3D': False,
           'BBOX_INSIDE_WEIGHTS': array([ 1.,  1.,  1.,  1.]),
           'BBOX_MEANS': [0.0, 0.0, 0.0, 0.0],
           'BBOX_NORMALIZATION_PRECOMPUTED': True,
           'BBOX_REGRESSION_THRESH': 0.5,
           'BBOX_STDS': [0.1, 0.1, 0.2, 0.2],
           'BBOX_WEIGHTS': array([ 1.,  1.,  1.,  1.]),
           'BG_THRESH_HI': 0.5,
           'BG_THRESH_LO': 0.0,
           'CXX_PROPOSAL': False,
           'END2END': True,
           'FG_FRACTION': 0.25,
           'FG_THRESH': 0.5,
           'HAS_RPN': False,
           'ORIENTATION': False,
           'ORIENTATION_INSIDE_WEIGHTS': 4,
           'ORIENTATION_WEIGHTS': 4,
           'RPN_BATCH_SIZE': 256,
           'RPN_BBOX_INSIDE_WEIGHTS': [1.0, 1.0, 1.0, 1.0],
           'RPN_BBOX_WEIGHTS': [1.0, 1.0, 1.0, 1.0],
           'RPN_CLOBBER_POSITIVES': False,
           'RPN_FG_FRACTION': 0.5,
           'RPN_MIN_SIZE': 16,
           'RPN_NEGATIVE_OVERLAP': 0.3,
           'RPN_NMS_THRESH': 0.7,
           'RPN_POSITIVE_OVERLAP': 0.7,
           'RPN_POSITIVE_WEIGHT': -1.0,
           'RPN_POST_NMS_TOP_N': 2000,
           'RPN_PRE_NMS_TOP_N': 12000}}
num_images 6684
kitti_val gt roidb loaded from data/cache/kitti_val_gt_roidb.pkl
Traceback (most recent call last):
  File "example/env/train_end2end.py", line 243, in <module>
    lr=args.lr, lr_step=args.lr_step)
  File "example/env/train_end2end.py", line 53, in train_net
    if config.TRAIN.CROP == 'origin':
AttributeError: 'EasyDict' object has no attribute 'CROP'
enter main
{'ANCHOR_RATIOS': [0.5, 1, 2],
 'ANCHOR_SCALES': [8, 16, 32, 48],
 'EPS': 1e-14,
 'FIXED_PARAMS': ['conv1', 'conv2', 'gamma', 'beta'],
 'FIXED_PARAMS_FINETUNE': ['conv1', 'conv2', 'gamma', 'beta'],
 'IMAGE_STRIDE': 0,
 'INVALID_ORI': -10000,
 'NUM_ANCHORS': 12,
 'NUM_BIN': 8,
 'NUM_CLASSES': 4,
 'PI': 3.141592653,
 'PIXEL_MEANS': array([[[ 123.68 ,  116.779,  103.939]]]),
 'RCNN_FEAT_SRTIDE': 16,
 'RPN_FEAT_STRIDE': 16,
 'RY_CLASSES': 72,
 'SCALES': [(752, 2500)],
 'TEST': {'BATCH_IMAGES': 1,
          'CXX_PROPOSAL': False,
          'HAS_RPN': False,
          'NMS': 0.3,
          'RPN_MIN_SIZE': 16,
          'RPN_NMS_THRESH': 0.7,
          'RPN_POST_NMS_TOP_N': 300,
          'RPN_PRE_NMS_TOP_N': 6000},
 'TRAIN': {'BATCH_IMAGES': 1,
           'BATCH_ROIS': 128,
           'BATCH_SIZE': 1,
           'BBOX_3D': False,
           'BBOX_INSIDE_WEIGHTS': array([ 1.,  1.,  1.,  1.]),
           'BBOX_MEANS': [0.0, 0.0, 0.0, 0.0],
           'BBOX_NORMALIZATION_PRECOMPUTED': True,
           'BBOX_REGRESSION_THRESH': 0.5,
           'BBOX_STDS': [0.1, 0.1, 0.2, 0.2],
           'BBOX_WEIGHTS': array([ 1.,  1.,  1.,  1.]),
           'BG_THRESH_HI': 0.5,
           'BG_THRESH_LO': 0.0,
           'CXX_PROPOSAL': False,
           'END2END': True,
           'FG_FRACTION': 0.25,
           'FG_THRESH': 0.5,
           'HAS_RPN': False,
           'ORIENTATION': False,
           'ORIENTATION_INSIDE_WEIGHTS': 4,
           'ORIENTATION_WEIGHTS': 4,
           'RPN_BATCH_SIZE': 256,
           'RPN_BBOX_INSIDE_WEIGHTS': [1.0, 1.0, 1.0, 1.0],
           'RPN_BBOX_WEIGHTS': [1.0, 1.0, 1.0, 1.0],
           'RPN_CLOBBER_POSITIVES': False,
           'RPN_FG_FRACTION': 0.5,
           'RPN_MIN_SIZE': 16,
           'RPN_NEGATIVE_OVERLAP': 0.3,
           'RPN_NMS_THRESH': 0.7,
           'RPN_POSITIVE_OVERLAP': 0.7,
           'RPN_POSITIVE_WEIGHT': -1.0,
           'RPN_POST_NMS_TOP_N': 2000,
           'RPN_PRE_NMS_TOP_N': 12000}}
num_images 6684
kitti_val gt roidb loaded from data/cache/kitti_val_gt_roidb.pkl
providing maximum shape [('data', (1, 3, 800, 2500)), ('gt_boxes', (1, 100, 5))] [('label', (1, 70200)), ('bbox_target', (1, 36, 50, 156)), ('bbox_weight', (1, 36, 50, 156))]
Error in proposal_target.infer_shape: Traceback (most recent call last):
  File "/home/hustxly/mxnet/python/mxnet/operator.py", line 625, in infer_shape_entry
    assert len(oshape) == n_out
AssertionError

[07:12:34] /home/hustxly/mxnet/dmlc-core/include/dmlc/./logging.h:300: [07:12:34] src/operator/./custom-inl.h:187: Check failed: info_->infer_shape(shapes.size(), ndims.data(), shapes.data(), info_->p_infer_shape) 

Stack trace returned 29 entries:
[bt] (0) /home/hustxly/mxnet/python/mxnet/../../lib/libmxnet.so(_ZN4dmlc15LogMessageFatalD1Ev+0x3c) [0x7f82f0d3d71c]
[bt] (1) /home/hustxly/mxnet/python/mxnet/../../lib/libmxnet.so(_ZNK5mxnet2op12CustomOpProp10InferShapeEPSt6vectorIN4nnvm6TShapeESaIS4_EES7_S7_+0xb7c) [0x7f82f16f527c]
[bt] (2) /home/hustxly/mxnet/python/mxnet/../../lib/libmxnet.so(+0xf778f8) [0x7f82f16508f8]
[bt] (3) /home/hustxly/mxnet/python/mxnet/../../lib/libmxnet.so(+0x1c6015f) [0x7f82f233915f]
[bt] (4) /home/hustxly/mxnet/python/mxnet/../../lib/libmxnet.so(+0x1c61615) [0x7f82f233a615]
[bt] (5) /home/hustxly/mxnet/python/mxnet/../../lib/libmxnet.so(+0x1c62275) [0x7f82f233b275]
[bt] (6) /home/hustxly/mxnet/python/mxnet/../../lib/libmxnet.so(_ZN4nnvm11ApplyPassesENS_5GraphERKSt6vectorISsSaISsEE+0x703) [0x7f82f2319713]
[bt] (7) /home/hustxly/mxnet/python/mxnet/../../lib/libmxnet.so(_ZN4nnvm9ApplyPassENS_5GraphERKSs+0x8e) [0x7f82f1549b3e]
[bt] (8) /home/hustxly/mxnet/python/mxnet/../../lib/libmxnet.so(_ZN4nnvm4pass10InferShapeENS_5GraphESt6vectorINS_6TShapeESaIS3_EESs+0x240) [0x7f82f154d9a0]
[bt] (9) /home/hustxly/mxnet/python/mxnet/../../lib/libmxnet.so(MXSymbolInferShape+0x321) [0x7f82f15449c1]
[bt] (10) /usr/lib/x86_64-linux-gnu/libffi.so.6(ffi_call_unix64+0x4c) [0x7f839a26cadc]
[bt] (11) /usr/lib/x86_64-linux-gnu/libffi.so.6(ffi_call+0x1fc) [0x7f839a26c40c]
[bt] (12) /usr/lib/python2.7/lib-dynload/_ctypes.x86_64-linux-gnu.so(_ctypes_callproc+0x48e) [0x7f839a4835fe]
[bt] (13) /usr/lib/python2.7/lib-dynload/_ctypes.x86_64-linux-gnu.so(+0x15f9e) [0x7f839a484f9e]
[bt] (14) python(PyEval_EvalFrameEx+0x965) [0x499be5]
[bt] (15) python() [0x4a1c9a]
[bt] (16) python(PyObject_Call+0x36) [0x505f96]
[bt] (17) python(PyEval_EvalFrameEx+0x1dfa) [0x49b07a]
[bt] (18) python() [0x4a1c9a]
[bt] (19) python(PyObject_Call+0x36) [0x505f96]
[bt] (20) python(PyEval_EvalFrameEx+0x1dfa) [0x49b07a]
[bt] (21) python(PyEval_EvalCodeEx+0x2ac) [0x4a090c]
[bt] (22) python(PyEval_EvalFrameEx+0x7d2) [0x499a52]
[bt] (23) python() [0x4a1634]
[bt] (24) python(PyRun_FileExFlags+0x92) [0x44e4a5]
[bt] (25) python(PyRun_SimpleFileExFlags+0x2ee) [0x44ec9f]
[bt] (26) python(Py_Main+0xb5e) [0x44f904]
[bt] (27) /lib/x86_64-linux-gnu/libc.so.6(__libc_start_main+0xf5) [0x7f839b7faf45]
[bt] (28) python() [0x578c4e]

infer_shape error. Arguments:
  bbox_target: (1L, 36L, 47L, 155L)
  im_info: (1L, 3L)
  label: (1L, 65565L)
  gt_boxes: (1L, 11L, 5L)
  bbox_weight: (1L, 36L, 47L, 155L)
  data: (1L, 3L, 752L, 2491L)
Traceback (most recent call last):
  File "example/env/train_end2end.py", line 231, in <module>
    lr=args.lr, lr_step=args.lr_step)
  File "example/env/train_end2end.py", line 67, in train_net
    arg_shape, out_shape, aux_shape = sym.infer_shape(**data_shape_dict)
  File "/home/hustxly/mxnet/python/mxnet/symbol.py", line 535, in infer_shape
    return self._infer_shape_impl(False, *args, **kwargs)
  File "/home/hustxly/mxnet/python/mxnet/symbol.py", line 602, in _infer_shape_impl
    ctypes.byref(complete)))
  File "/home/hustxly/mxnet/python/mxnet/base.py", line 75, in check_call
    raise MXNetError(py_str(_LIB.MXGetLastError()))
mxnet.base.MXNetError: Error in operator roi_target: [07:12:34] src/operator/./custom-inl.h:187: Check failed: info_->infer_shape(shapes.size(), ndims.data(), shapes.data(), info_->p_infer_shape) 

Stack trace returned 29 entries:
[bt] (0) /home/hustxly/mxnet/python/mxnet/../../lib/libmxnet.so(_ZN4dmlc15LogMessageFatalD1Ev+0x3c) [0x7f82f0d3d71c]
[bt] (1) /home/hustxly/mxnet/python/mxnet/../../lib/libmxnet.so(_ZNK5mxnet2op12CustomOpProp10InferShapeEPSt6vectorIN4nnvm6TShapeESaIS4_EES7_S7_+0xb7c) [0x7f82f16f527c]
[bt] (2) /home/hustxly/mxnet/python/mxnet/../../lib/libmxnet.so(+0xf778f8) [0x7f82f16508f8]
[bt] (3) /home/hustxly/mxnet/python/mxnet/../../lib/libmxnet.so(+0x1c6015f) [0x7f82f233915f]
[bt] (4) /home/hustxly/mxnet/python/mxnet/../../lib/libmxnet.so(+0x1c61615) [0x7f82f233a615]
[bt] (5) /home/hustxly/mxnet/python/mxnet/../../lib/libmxnet.so(+0x1c62275) [0x7f82f233b275]
[bt] (6) /home/hustxly/mxnet/python/mxnet/../../lib/libmxnet.so(_ZN4nnvm11ApplyPassesENS_5GraphERKSt6vectorISsSaISsEE+0x703) [0x7f82f2319713]
[bt] (7) /home/hustxly/mxnet/python/mxnet/../../lib/libmxnet.so(_ZN4nnvm9ApplyPassENS_5GraphERKSs+0x8e) [0x7f82f1549b3e]
[bt] (8) /home/hustxly/mxnet/python/mxnet/../../lib/libmxnet.so(_ZN4nnvm4pass10InferShapeENS_5GraphESt6vectorINS_6TShapeESaIS3_EESs+0x240) [0x7f82f154d9a0]
[bt] (9) /home/hustxly/mxnet/python/mxnet/../../lib/libmxnet.so(MXSymbolInferShape+0x321) [0x7f82f15449c1]
[bt] (10) /usr/lib/x86_64-linux-gnu/libffi.so.6(ffi_call_unix64+0x4c) [0x7f839a26cadc]
[bt] (11) /usr/lib/x86_64-linux-gnu/libffi.so.6(ffi_call+0x1fc) [0x7f839a26c40c]
[bt] (12) /usr/lib/python2.7/lib-dynload/_ctypes.x86_64-linux-gnu.so(_ctypes_callproc+0x48e) [0x7f839a4835fe]
[bt] (13) /usr/lib/python2.7/lib-dynload/_ctypes.x86_64-linux-gnu.so(+0x15f9e) [0x7f839a484f9e]
[bt] (14) python(PyEval_EvalFrameEx+0x965) [0x499be5]
[bt] (15) python() [0x4a1c9a]
[bt] (16) python(PyObject_Call+0x36) [0x505f96]
[bt] (17) python(PyEval_EvalFrameEx+0x1dfa) [0x49b07a]
[bt] (18) python() [0x4a1c9a]
[bt] (19) python(PyObject_Call+0x36) [0x505f96]
[bt] (20) python(PyEval_EvalFrameEx+0x1dfa) [0x49b07a]
[bt] (21) python(PyEval_EvalCodeEx+0x2ac) [0x4a090c]
[bt] (22) python(PyEval_EvalFrameEx+0x7d2) [0x499a52]
[bt] (23) python() [0x4a1634]
[bt] (24) python(PyRun_FileExFlags+0x92) [0x44e4a5]
[bt] (25) python(PyRun_SimpleFileExFlags+0x2ee) [0x44ec9f]
[bt] (26) python(Py_Main+0xb5e) [0x44f904]
[bt] (27) /lib/x86_64-linux-gnu/libc.so.6(__libc_start_main+0xf5) [0x7f839b7faf45]
[bt] (28) python() [0x578c4e]

enter main
Traceback (most recent call last):
  File "example/env/train_end2end.py", line 231, in <module>
    lr=args.lr, lr_step=args.lr_step)
  File "example/env/train_end2end.py", line 34, in train_net
    sym = eval('get_' + args.network + '_train')()
  File "<string>", line 1, in <module>
NameError: name 'get_vgg_train' is not defined
enter main
Traceback (most recent call last):
  File "example/env/train_end2end.py", line 231, in <module>
    lr=args.lr, lr_step=args.lr_step)
  File "example/env/train_end2end.py", line 34, in train_net
    sym = eval('get_' + args.network + '_train')()
  File "/home/hustxly/Car/pre3D/rcnn/symbol/symbol_vgg.py", line 156, in get_vgg_train
    rpn_bbox_loss = mx.sym.MakeLoss(name='rpn_bbox_loss', data=rpn_bbox_loss__, grad_scale=1.0 / config.TRAIN.RPN_BATCH_SIZE)
NameError: global name 'rpn_bbox_loss__' is not defined
enter main
{'ANCHOR_RATIOS': [0.5, 1, 2],
 'ANCHOR_SCALES': [8, 16, 32, 48],
 'EPS': 1e-14,
 'FIXED_PARAMS': ['conv1', 'conv2', 'gamma', 'beta'],
 'FIXED_PARAMS_FINETUNE': ['conv1', 'conv2', 'gamma', 'beta'],
 'IMAGE_STRIDE': 0,
 'INVALID_ORI': -10000,
 'NUM_ANCHORS': 12,
 'NUM_BIN': 8,
 'NUM_CLASSES': 4,
 'PI': 3.141592653,
 'PIXEL_MEANS': array([[[ 123.68 ,  116.779,  103.939]]]),
 'RCNN_FEAT_SRTIDE': 16,
 'RPN_FEAT_STRIDE': 16,
 'RY_CLASSES': 72,
 'SCALES': [(752, 2500)],
 'TEST': {'BATCH_IMAGES': 1,
          'CXX_PROPOSAL': False,
          'HAS_RPN': False,
          'NMS': 0.3,
          'RPN_MIN_SIZE': 16,
          'RPN_NMS_THRESH': 0.7,
          'RPN_POST_NMS_TOP_N': 300,
          'RPN_PRE_NMS_TOP_N': 6000},
 'TRAIN': {'BATCH_IMAGES': 1,
           'BATCH_ROIS': 128,
           'BATCH_SIZE': 1,
           'BBOX_3D': False,
           'BBOX_INSIDE_WEIGHTS': array([ 1.,  1.,  1.,  1.]),
           'BBOX_MEANS': [0.0, 0.0, 0.0, 0.0],
           'BBOX_NORMALIZATION_PRECOMPUTED': True,
           'BBOX_REGRESSION_THRESH': 0.5,
           'BBOX_STDS': [0.1, 0.1, 0.2, 0.2],
           'BBOX_WEIGHTS': array([ 1.,  1.,  1.,  1.]),
           'BG_THRESH_HI': 0.5,
           'BG_THRESH_LO': 0.0,
           'CXX_PROPOSAL': False,
           'END2END': True,
           'FG_FRACTION': 0.25,
           'FG_THRESH': 0.5,
           'HAS_RPN': False,
           'ORIENTATION': False,
           'ORIENTATION_INSIDE_WEIGHTS': 4,
           'ORIENTATION_WEIGHTS': 4,
           'RPN_BATCH_SIZE': 256,
           'RPN_BBOX_INSIDE_WEIGHTS': [1.0, 1.0, 1.0, 1.0],
           'RPN_BBOX_WEIGHTS': [1.0, 1.0, 1.0, 1.0],
           'RPN_CLOBBER_POSITIVES': False,
           'RPN_FG_FRACTION': 0.5,
           'RPN_MIN_SIZE': 16,
           'RPN_NEGATIVE_OVERLAP': 0.3,
           'RPN_NMS_THRESH': 0.7,
           'RPN_POSITIVE_OVERLAP': 0.7,
           'RPN_POSITIVE_WEIGHT': -1.0,
           'RPN_POST_NMS_TOP_N': 2000,
           'RPN_PRE_NMS_TOP_N': 12000}}
num_images 6684
kitti_val gt roidb loaded from data/cache/kitti_val_gt_roidb.pkl
providing maximum shape [('data', (1, 3, 800, 2500)), ('gt_boxes', (1, 100, 5))] [('label', (1, 70200)), ('bbox_target', (1, 36, 50, 156)), ('bbox_weight', (1, 36, 50, 156))]
output shape
{'bbox_loss_reshape_output': (1L, 128L, 84L),
 'blockgrad0_output': (1L, 128L),
 'cls_prob_reshape_output': (1L, 128L, 21L),
 'rpn_bbox_loss_output': (1L, 36L, 47L, 155L),
 'rpn_cls_prob_output': (1L, 2L, 423L, 155L)}
=============================================================================================================================
------> Let's begin the train,  du du du! :) 
=============================================================================================================================
[07:30:25] src/operator/./cudnn_convolution-inl.h:55: Running performance tests to find the best convolution algorithm, this can take a while...
INFO:root:Epoch[3] Batch [20]	Speed: 0.84 samples/sec	Train-RPNAcc=0.903460,	RPNLogLoss=0.229589,	RPNL1Loss=0.052242,	RCNNAcc=0.718750,	RCNNLogLoss=2.332411,	RCNNL1Loss=0.476205,	
INFO:root:Epoch[3] Batch [40]	Speed: 1.19 samples/sec	Train-RPNAcc=0.899771,	RPNLogLoss=0.237788,	RPNL1Loss=0.053277,	RCNNAcc=0.731707,	RCNNLogLoss=1.925176,	RCNNL1Loss=0.478518,	
INFO:root:Epoch[3] Batch [60]	Speed: 0.98 samples/sec	Train-RPNAcc=0.900231,	RPNLogLoss=0.238089,	RPNL1Loss=0.053230,	RCNNAcc=0.734503,	RCNNLogLoss=1.672169,	RCNNL1Loss=0.480142,	
INFO:root:Epoch[3] Batch [80]	Speed: 1.25 samples/sec	Train-RPNAcc=0.903791,	RPNLogLoss=0.231158,	RPNL1Loss=0.052050,	RCNNAcc=0.751543,	RCNNLogLoss=1.416785,	RCNNL1Loss=0.451143,	
INFO:root:Epoch[3] Batch [100]	Speed: 1.13 samples/sec	Train-RPNAcc=0.904123,	RPNLogLoss=0.233940,	RPNL1Loss=0.053864,	RCNNAcc=0.766631,	RCNNLogLoss=1.229177,	RCNNL1Loss=0.449316,	
INFO:root:Epoch[3] Batch [120]	Speed: 1.04 samples/sec	Train-RPNAcc=0.908187,	RPNLogLoss=0.223714,	RPNL1Loss=0.053013,	RCNNAcc=0.783704,	RCNNLogLoss=1.088235,	RCNNL1Loss=0.450867,	
INFO:root:Epoch[3] Batch [140]	Speed: 1.07 samples/sec	Train-RPNAcc=0.910267,	RPNLogLoss=0.218574,	RPNL1Loss=0.053976,	RCNNAcc=0.798482,	RCNNLogLoss=0.976479,	RCNNL1Loss=0.455431,	
INFO:root:Epoch[3] Batch [160]	Speed: 1.15 samples/sec	Train-RPNAcc=0.911903,	RPNLogLoss=0.214642,	RPNL1Loss=0.054536,	RCNNAcc=0.810268,	RCNNLogLoss=0.895291,	RCNNL1Loss=0.456733,	
INFO:root:Epoch[3] Batch [180]	Speed: 1.06 samples/sec	Train-RPNAcc=0.913674,	RPNLogLoss=0.211732,	RPNL1Loss=0.055517,	RCNNAcc=0.822384,	RCNNLogLoss=0.822311,	RCNNL1Loss=0.456696,	
INFO:root:Epoch[3] Batch [200]	Speed: 1.15 samples/sec	Train-RPNAcc=0.917600,	RPNLogLoss=0.203084,	RPNL1Loss=0.055124,	RCNNAcc=0.829796,	RCNNLogLoss=0.772810,	RCNNL1Loss=0.462010,	
INFO:root:Epoch[3] Batch [220]	Speed: 1.12 samples/sec	Train-RPNAcc=0.920832,	RPNLogLoss=0.196035,	RPNL1Loss=0.054454,	RCNNAcc=0.837917,	RCNNLogLoss=0.723502,	RCNNL1Loss=0.456566,	
INFO:root:Epoch[3] Batch [240]	Speed: 1.01 samples/sec	Train-RPNAcc=0.921988,	RPNLogLoss=0.195001,	RPNL1Loss=0.055521,	RCNNAcc=0.844236,	RCNNLogLoss=0.687277,	RCNNL1Loss=0.455420,	
INFO:root:Epoch[3] Batch [260]	Speed: 1.04 samples/sec	Train-RPNAcc=0.923895,	RPNLogLoss=0.190382,	RPNL1Loss=0.055891,	RCNNAcc=0.849946,	RCNNLogLoss=0.652200,	RCNNL1Loss=0.454030,	
INFO:root:Epoch[3] Batch [280]	Speed: 1.02 samples/sec	Train-RPNAcc=0.925295,	RPNLogLoss=0.187215,	RPNL1Loss=0.057439,	RCNNAcc=0.854426,	RCNNLogLoss=0.623013,	RCNNL1Loss=0.453623,	
INFO:root:Epoch[3] Batch [300]	Speed: 1.00 samples/sec	Train-RPNAcc=0.926119,	RPNLogLoss=0.185093,	RPNL1Loss=0.058960,	RCNNAcc=0.858544,	RCNNLogLoss=0.597242,	RCNNL1Loss=0.455681,	
INFO:root:Epoch[3] Batch [320]	Speed: 0.97 samples/sec	Train-RPNAcc=0.927838,	RPNLogLoss=0.181313,	RPNL1Loss=0.059468,	RCNNAcc=0.862296,	RCNNLogLoss=0.574143,	RCNNL1Loss=0.455787,	
INFO:root:Epoch[3] Batch [340]	Speed: 0.99 samples/sec	Train-RPNAcc=0.927878,	RPNLogLoss=0.181576,	RPNL1Loss=0.060624,	RCNNAcc=0.865194,	RCNNLogLoss=0.554859,	RCNNL1Loss=0.453726,	
INFO:root:Epoch[3] Batch [360]	Speed: 1.03 samples/sec	Train-RPNAcc=0.929558,	RPNLogLoss=0.178114,	RPNL1Loss=0.059955,	RCNNAcc=0.868118,	RCNNLogLoss=0.537315,	RCNNL1Loss=0.451807,	
INFO:root:Epoch[3] Batch [380]	Speed: 0.97 samples/sec	Train-RPNAcc=0.930231,	RPNLogLoss=0.177358,	RPNL1Loss=0.060549,	RCNNAcc=0.870571,	RCNNLogLoss=0.523173,	RCNNL1Loss=0.448086,	
INFO:root:Epoch[3] Batch [400]	Speed: 0.96 samples/sec	Train-RPNAcc=0.930019,	RPNLogLoss=0.178469,	RPNL1Loss=0.061877,	RCNNAcc=0.872798,	RCNNLogLoss=0.508812,	RCNNL1Loss=0.447615,	
INFO:root:Epoch[3] Batch [420]	Speed: 0.92 samples/sec	Train-RPNAcc=0.929957,	RPNLogLoss=0.178459,	RPNL1Loss=0.062586,	RCNNAcc=0.874480,	RCNNLogLoss=0.496324,	RCNNL1Loss=0.447649,	
INFO:root:Epoch[3] Batch [440]	Speed: 1.06 samples/sec	Train-RPNAcc=0.931060,	RPNLogLoss=0.175745,	RPNL1Loss=0.061681,	RCNNAcc=0.876577,	RCNNLogLoss=0.483956,	RCNNL1Loss=0.444818,	
INFO:root:Epoch[3] Batch [460]	Speed: 0.95 samples/sec	Train-RPNAcc=0.932009,	RPNLogLoss=0.173800,	RPNL1Loss=0.061822,	RCNNAcc=0.878542,	RCNNLogLoss=0.472222,	RCNNL1Loss=0.443080,	
INFO:root:Epoch[3] Batch [480]	Speed: 0.91 samples/sec	Train-RPNAcc=0.932790,	RPNLogLoss=0.171978,	RPNL1Loss=0.061632,	RCNNAcc=0.879467,	RCNNLogLoss=0.463609,	RCNNL1Loss=0.443152,	
INFO:root:Epoch[3] Batch [500]	Speed: 0.98 samples/sec	Train-RPNAcc=0.933781,	RPNLogLoss=0.169345,	RPNL1Loss=0.061404,	RCNNAcc=0.881393,	RCNNLogLoss=0.453633,	RCNNL1Loss=0.443426,	
INFO:root:Epoch[3] Batch [520]	Speed: 1.12 samples/sec	Train-RPNAcc=0.935056,	RPNLogLoss=0.166290,	RPNL1Loss=0.059804,	RCNNAcc=0.883877,	RCNNLogLoss=0.441779,	RCNNL1Loss=0.440681,	
INFO:root:Epoch[3] Batch [540]	Speed: 0.96 samples/sec	Train-RPNAcc=0.936106,	RPNLogLoss=0.164271,	RPNL1Loss=0.059337,	RCNNAcc=0.885542,	RCNNLogLoss=0.433857,	RCNNL1Loss=0.440544,	
INFO:root:Epoch[3] Batch [560]	Speed: 0.96 samples/sec	Train-RPNAcc=0.936671,	RPNLogLoss=0.163769,	RPNL1Loss=0.059327,	RCNNAcc=0.886573,	RCNNLogLoss=0.426394,	RCNNL1Loss=0.440322,	
INFO:root:Epoch[3] Batch [580]	Speed: 0.92 samples/sec	Train-RPNAcc=0.936908,	RPNLogLoss=0.163583,	RPNL1Loss=0.059961,	RCNNAcc=0.887613,	RCNNLogLoss=0.419361,	RCNNL1Loss=0.439760,	
INFO:root:Epoch[3] Batch [600]	Speed: 0.95 samples/sec	Train-RPNAcc=0.937429,	RPNLogLoss=0.162466,	RPNL1Loss=0.059527,	RCNNAcc=0.888584,	RCNNLogLoss=0.413500,	RCNNL1Loss=0.439743,	
INFO:root:Epoch[3] Batch [620]	Speed: 1.04 samples/sec	Train-RPNAcc=0.938010,	RPNLogLoss=0.161024,	RPNL1Loss=0.058789,	RCNNAcc=0.890537,	RCNNLogLoss=0.405333,	RCNNL1Loss=0.437785,	
INFO:root:Epoch[3] Batch [640]	Speed: 0.95 samples/sec	Train-RPNAcc=0.938353,	RPNLogLoss=0.160966,	RPNL1Loss=0.059122,	RCNNAcc=0.891198,	RCNNLogLoss=0.400450,	RCNNL1Loss=0.438218,	
